0 info it worked if it ends with ok
1 verbose cli [ '/usr/local/Cellar/node/7.2.0/bin/node',
1 verbose cli   '/usr/local/bin/npm',
1 verbose cli   'run',
1 verbose cli   'build:webpack' ]
2 info using npm@3.10.9
3 info using node@v7.2.0
4 verbose run-script [ 'prebuild:webpack', 'build:webpack', 'postbuild:webpack' ]
5 info lifecycle fairy@1.0.0~prebuild:webpack: fairy@1.0.0
6 silly lifecycle fairy@1.0.0~prebuild:webpack: no script for prebuild:webpack, continuing
7 info lifecycle fairy@1.0.0~build:webpack: fairy@1.0.0
8 verbose lifecycle fairy@1.0.0~build:webpack: unsafe-perm in lifecycle true
9 verbose lifecycle fairy@1.0.0~build:webpack: PATH: /usr/local/lib/node_modules/npm/bin/node-gyp-bin:/Users/aemoe/Desktop/Github/Fairy/node_modules/.bin:/usr/local/Cellar/node/7.2.0/bin:/usr/local/bin:/usr/bin:/bin:/usr/sbin:/sbin:/Users/aemoe/Library/Android/sdk/tools:/Users/aemoe/Library/Android/sdk/platform-tools
10 verbose lifecycle fairy@1.0.0~build:webpack: CWD: /Users/aemoe/Desktop/Github/Fairy
11 silly lifecycle fairy@1.0.0~build:webpack: Args: [ '-c',
11 silly lifecycle   'cross-env NODE_ENV=production webpack --config ./client/config/webpack.config.prod.js' ]
12 silly lifecycle fairy@1.0.0~build:webpack: Returned: code: 1  signal: null
13 info lifecycle fairy@1.0.0~build:webpack: Failed to exec build:webpack script
14 verbose stack Error: fairy@1.0.0 build:webpack: `cross-env NODE_ENV=production webpack --config ./client/config/webpack.config.prod.js`
14 verbose stack Exit status 1
14 verbose stack     at EventEmitter.<anonymous> (/usr/local/lib/node_modules/npm/lib/utils/lifecycle.js:255:16)
14 verbose stack     at emitTwo (events.js:106:13)
14 verbose stack     at EventEmitter.emit (events.js:191:7)
14 verbose stack     at ChildProcess.<anonymous> (/usr/local/lib/node_modules/npm/lib/utils/spawn.js:40:14)
14 verbose stack     at emitTwo (events.js:106:13)
14 verbose stack     at ChildProcess.emit (events.js:191:7)
14 verbose stack     at maybeClose (internal/child_process.js:885:16)
14 verbose stack     at Process.ChildProcess._handle.onexit (internal/child_process.js:226:5)
15 verbose pkgid fairy@1.0.0
16 verbose cwd /Users/aemoe/Desktop/Github/Fairy
17 error Darwin 16.4.0
18 error argv "/usr/local/Cellar/node/7.2.0/bin/node" "/usr/local/bin/npm" "run" "build:webpack"
19 error node v7.2.0
20 error npm  v3.10.9
21 error code ELIFECYCLE
22 error fairy@1.0.0 build:webpack: `cross-env NODE_ENV=production webpack --config ./client/config/webpack.config.prod.js`
22 error Exit status 1
23 error Failed at the fairy@1.0.0 build:webpack script 'cross-env NODE_ENV=production webpack --config ./client/config/webpack.config.prod.js'.
23 error Make sure you have the latest version of node.js and npm installed.
23 error If you do, this is most likely a problem with the fairy package,
23 error not with npm itself.
23 error Tell the author that this fails on your system:
23 error     cross-env NODE_ENV=production webpack --config ./client/config/webpack.config.prod.js
23 error You can get information on how to open an issue for this project with:
23 error     npm bugs fairy
23 error Or if that isn't available, you can get their info via:
23 error     npm owner ls fairy
23 error There is likely additional logging output above.
24 verbose exit [ 1, true ]
